<?xml version="1.0" encoding="UTF-8"?>
<!-- Generated by org.testng.reporters.JUnitReportReporter -->
<testsuite skipped="0" hostname="Humaira" name="com.ultimateqa.courses.testsuite.HomePageTest" tests="1" failures="0" timestamp="2022-12-12T17:36:00 GMT" time="9.488" errors="0">
  <testcase name="verifyTheErrorMessage" time="9.488" classname="com.ultimateqa.courses.testsuite.HomePageTest"/>
  <system-out>
    <![CDATA[Click on Sign In Link[[ChromeDriver: chrome on WINDOWS (0c806c835504c8de6c5192721915174b)] -> link text: Sign In]
Enter email test12@gmail.com in the email address field[[ChromeDriver: chrome on WINDOWS (0c806c835504c8de6c5192721915174b)] -> id: user[email]]
Enter password test123456 in the password field[[ChromeDriver: chrome on WINDOWS (0c806c835504c8de6c5192721915174b)] -> id: user[password]]
Click on sign in button[[ChromeDriver: chrome on WINDOWS (0c806c835504c8de6c5192721915174b)] -> xpath: //button[contains(text(),'Sign in')]]
Verify invalid credentials Error message[[ChromeDriver: chrome on WINDOWS (0c806c835504c8de6c5192721915174b)] -> xpath: //li[contains(text(),'Invalid email or password.')]]]]>
  </system-out>
</testsuite> <!-- com.ultimateqa.courses.testsuite.HomePageTest -->
